This is pdfTeX, Version 3.14159265-2.6-1.40.17 (TeX Live 2016) (preloaded format=pdflatex 2016.5.22)  13 NOV 2016 22:46
entering extended mode
 restricted \write18 enabled.
 file:line:error style messages enabled.
 %&-line parsing enabled.
**Untitled.tex
(./Untitled.tex
LaTeX2e <2016/03/31>
Babel <3.9r> and hyphenation patterns for 83 language(s) loaded.
(/usr/local/texlive/2016/texmf-dist/tex/latex/base/article.cls
Document Class: article 2014/09/29 v1.4h Standard LaTeX document class
(/usr/local/texlive/2016/texmf-dist/tex/latex/base/size12.clo
File: size12.clo 2014/09/29 v1.4h Standard LaTeX file (size option)
)
\c@part=\count79
\c@section=\count80
\c@subsection=\count81
\c@subsubsection=\count82
\c@paragraph=\count83
\c@subparagraph=\count84
\c@figure=\count85
\c@table=\count86
\abovecaptionskip=\skip41
\belowcaptionskip=\skip42
\bibindent=\dimen102
)
(/usr/local/texlive/2016/texmf-dist/tex/latex/preprint/fullpage.sty
Package: fullpage 1999/02/23 1.1 (PWD)
\FP@margin=\skip43
)
(/usr/local/texlive/2016/texmf-dist/tex/latex/natbib/natbib.sty
Package: natbib 2010/09/13 8.31b (PWD, AO)
\bibhang=\skip44
\bibsep=\skip45
LaTeX Info: Redefining \cite on input line 694.
\c@NAT@ctr=\count87
)
(/usr/local/texlive/2016/texmf-dist/tex/latex/multirow/multirow.sty
\bigstrutjot=\dimen103
)
(/usr/local/texlive/2016/texmf-dist/tex/latex/booktabs/booktabs.sty
Package: booktabs 2016/04/27 v1.618033 publication quality tables
\heavyrulewidth=\dimen104
\lightrulewidth=\dimen105
\cmidrulewidth=\dimen106
\belowrulesep=\dimen107
\belowbottomsep=\dimen108
\aboverulesep=\dimen109
\abovetopsep=\dimen110
\cmidrulesep=\dimen111
\cmidrulekern=\dimen112
\defaultaddspace=\dimen113
\@cmidla=\count88
\@cmidlb=\count89
\@aboverulesep=\dimen114
\@belowrulesep=\dimen115
\@thisruleclass=\count90
\@lastruleclass=\count91
\@thisrulewidth=\dimen116
)
(/usr/local/texlive/2016/texmf-dist/tex/latex/tools/tabularx.sty
Package: tabularx 2016/02/03 v2.11 `tabularx' package (DPC)

(/usr/local/texlive/2016/texmf-dist/tex/latex/tools/array.sty
Package: array 2014/10/28 v2.4c Tabular extension package (FMi)
\col@sep=\dimen117
\extrarowheight=\dimen118
\NC@list=\toks14
\extratabsurround=\skip46
\backup@length=\skip47
)
\TX@col@width=\dimen119
\TX@old@table=\dimen120
\TX@old@col=\dimen121
\TX@target=\dimen122
\TX@delta=\dimen123
\TX@cols=\count92
\TX@ftn=\toks15
)
(/usr/local/texlive/2016/texmf-dist/tex/latex/graphics/graphicx.sty
Package: graphicx 2014/10/28 v1.0g Enhanced LaTeX Graphics (DPC,SPQR)

(/usr/local/texlive/2016/texmf-dist/tex/latex/graphics/keyval.sty
Package: keyval 2014/10/28 v1.15 key=value parser (DPC)
\KV@toks@=\toks16
)
(/usr/local/texlive/2016/texmf-dist/tex/latex/graphics/graphics.sty
Package: graphics 2016/05/09 v1.0r Standard LaTeX Graphics (DPC,SPQR)

(/usr/local/texlive/2016/texmf-dist/tex/latex/graphics/trig.sty
Package: trig 2016/01/03 v1.10 sin cos tan (DPC)
)
(/usr/local/texlive/2016/texmf-dist/tex/latex/graphics-cfg/graphics.cfg
File: graphics.cfg 2016/01/02 v1.10 sample graphics configuration
)
Package graphics Info: Driver file: pdftex.def on input line 96.

(/usr/local/texlive/2016/texmf-dist/tex/latex/pdftex-def/pdftex.def
File: pdftex.def 2011/05/27 v0.06d Graphics/color for pdfTeX

(/usr/local/texlive/2016/texmf-dist/tex/generic/oberdiek/infwarerr.sty
Package: infwarerr 2016/05/16 v1.4 Providing info/warning/error messages (HO)
)
(/usr/local/texlive/2016/texmf-dist/tex/generic/oberdiek/ltxcmds.sty
Package: ltxcmds 2016/05/16 v1.23 LaTeX kernel commands for general use (HO)
)
\Gread@gobject=\count93
))
\Gin@req@height=\dimen124
\Gin@req@width=\dimen125
)
(/usr/local/texlive/2016/texmf-dist/tex/latex/float/float.sty
Package: float 2001/11/08 v1.3d Float enhancements (AL)
\c@float@type=\count94
\float@exts=\toks17
\float@box=\box26
\@float@everytoks=\toks18
\@floatcapt=\box27
)
(/usr/local/texlive/2016/texmf-dist/tex/latex/hyperref/hyperref.sty
Package: hyperref 2016/05/05 v6.83n Hypertext links for LaTeX

(/usr/local/texlive/2016/texmf-dist/tex/generic/oberdiek/hobsub-hyperref.sty
Package: hobsub-hyperref 2016/05/16 v1.14 Bundle oberdiek, subset hyperref (HO)


(/usr/local/texlive/2016/texmf-dist/tex/generic/oberdiek/hobsub-generic.sty
Package: hobsub-generic 2016/05/16 v1.14 Bundle oberdiek, subset generic (HO)
Package: hobsub 2016/05/16 v1.14 Construct package bundles (HO)
Package hobsub Info: Skipping package `infwarerr' (already loaded).
Package hobsub Info: Skipping package `ltxcmds' (already loaded).
Package: ifluatex 2016/05/16 v1.4 Provides the ifluatex switch (HO)
Package ifluatex Info: LuaTeX not detected.
Package: ifvtex 2016/05/16 v1.6 Detect VTeX and its facilities (HO)
Package ifvtex Info: VTeX not detected.
Package: intcalc 2016/05/16 v1.2 Expandable calculations with integers (HO)
Package: ifpdf 2016/05/14 v3.1 Provides the ifpdf switch
Package: etexcmds 2016/05/16 v1.6 Avoid name clashes with e-TeX commands (HO)
Package etexcmds Info: Could not find \expanded.
(etexcmds)             That can mean that you are not using pdfTeX 1.50 or
(etexcmds)             that some package has redefined \expanded.
(etexcmds)             In the latter case, load this package earlier.
Package: kvsetkeys 2016/05/16 v1.17 Key value parser (HO)
Package: kvdefinekeys 2016/05/16 v1.4 Define keys (HO)
Package: pdftexcmds 2016/05/10 v0.21 Utility functions of pdfTeX for LuaTeX (HO
)
Package pdftexcmds Info: LuaTeX not detected.
Package pdftexcmds Info: \pdf@primitive is available.
Package pdftexcmds Info: \pdf@ifprimitive is available.
Package pdftexcmds Info: \pdfdraftmode found.
Package: pdfescape 2016/05/16 v1.14 Implements pdfTeX's escape features (HO)
Package: bigintcalc 2016/05/16 v1.4 Expandable calculations on big integers (HO
)
Package: bitset 2016/05/16 v1.2 Handle bit-vector datatype (HO)
Package: uniquecounter 2016/05/16 v1.3 Provide unlimited unique counter (HO)
)
Package hobsub Info: Skipping package `hobsub' (already loaded).
Package: letltxmacro 2016/05/16 v1.5 Let assignment for LaTeX macros (HO)
Package: hopatch 2016/05/16 v1.3 Wrapper for package hooks (HO)
Package: xcolor-patch 2016/05/16 xcolor patch
Package: atveryend 2016/05/16 v1.9 Hooks at the very end of document (HO)
Package atveryend Info: \enddocument detected (standard20110627).
Package: atbegshi 2016/05/16 v1.17 At begin shipout hook (HO)
Package: refcount 2016/05/16 v3.5 Data extraction from label references (HO)
Package: hycolor 2016/05/16 v1.8 Color options for hyperref/bookmark (HO)
)
(/usr/local/texlive/2016/texmf-dist/tex/generic/ifxetex/ifxetex.sty
Package: ifxetex 2010/09/12 v0.6 Provides ifxetex conditional
)
(/usr/local/texlive/2016/texmf-dist/tex/latex/oberdiek/auxhook.sty
Package: auxhook 2016/05/16 v1.4 Hooks for auxiliary files (HO)
)
(/usr/local/texlive/2016/texmf-dist/tex/latex/oberdiek/kvoptions.sty
Package: kvoptions 2016/05/16 v3.12 Key value format for package options (HO)
)
\@linkdim=\dimen126
\Hy@linkcounter=\count95
\Hy@pagecounter=\count96

(/usr/local/texlive/2016/texmf-dist/tex/latex/hyperref/pd1enc.def
File: pd1enc.def 2016/05/05 v6.83n Hyperref: PDFDocEncoding definition (HO)
)
\Hy@SavedSpaceFactor=\count97

(/usr/local/texlive/2016/texmf-dist/tex/latex/latexconfig/hyperref.cfg
File: hyperref.cfg 2002/06/06 v1.2 hyperref configuration of TeXLive
)
Package hyperref Info: Hyper figures OFF on input line 4446.
Package hyperref Info: Link nesting OFF on input line 4451.
Package hyperref Info: Hyper index ON on input line 4454.
Package hyperref Info: Plain pages OFF on input line 4461.
Package hyperref Info: Backreferencing OFF on input line 4466.
Package hyperref Info: Implicit mode ON; LaTeX internals redefined.
Package hyperref Info: Bookmarks ON on input line 4691.
\c@Hy@tempcnt=\count98

(/usr/local/texlive/2016/texmf-dist/tex/latex/url/url.sty
\Urlmuskip=\muskip10
Package: url 2013/09/16  ver 3.4  Verb mode for urls, etc.
)
LaTeX Info: Redefining \url on input line 5044.
\XeTeXLinkMargin=\dimen127
\Fld@menulength=\count99
\Field@Width=\dimen128
\Fld@charsize=\dimen129
Package hyperref Info: Hyper figures OFF on input line 6298.
Package hyperref Info: Link nesting OFF on input line 6303.
Package hyperref Info: Hyper index ON on input line 6306.
Package hyperref Info: backreferencing OFF on input line 6313.
Package hyperref Info: Link coloring OFF on input line 6318.
Package hyperref Info: Link coloring with OCG OFF on input line 6323.
Package hyperref Info: PDF/A mode OFF on input line 6328.
LaTeX Info: Redefining \ref on input line 6368.
LaTeX Info: Redefining \pageref on input line 6372.
\Hy@abspage=\count100
\c@Item=\count101
\c@Hfootnote=\count102
)

Package hyperref Message: Driver (autodetected): hpdftex.

(/usr/local/texlive/2016/texmf-dist/tex/latex/hyperref/hpdftex.def
File: hpdftex.def 2016/05/05 v6.83n Hyperref driver for pdfTeX
\Fld@listcount=\count103
\c@bookmark@seq@number=\count104

(/usr/local/texlive/2016/texmf-dist/tex/latex/oberdiek/rerunfilecheck.sty
Package: rerunfilecheck 2016/05/16 v1.8 Rerun checks for auxiliary files (HO)
Package uniquecounter Info: New unique counter `rerunfilecheck' on input line 2
82.
)
\Hy@SectionHShift=\skip48
)
Package hyperref Info: Option `colorlinks' set `true' on input line 17.
\c@acnum=\count105
\c@ucnum=\count106
\c@mnum=\count107

No file Untitled.aux.
\openout1 = `Untitled.aux'.

LaTeX Font Info:    Checking defaults for OML/cmm/m/it on input line 36.
LaTeX Font Info:    ... okay on input line 36.
LaTeX Font Info:    Checking defaults for T1/cmr/m/n on input line 36.
LaTeX Font Info:    ... okay on input line 36.
LaTeX Font Info:    Checking defaults for OT1/cmr/m/n on input line 36.
LaTeX Font Info:    ... okay on input line 36.
LaTeX Font Info:    Checking defaults for OMS/cmsy/m/n on input line 36.
LaTeX Font Info:    ... okay on input line 36.
LaTeX Font Info:    Checking defaults for OMX/cmex/m/n on input line 36.
LaTeX Font Info:    ... okay on input line 36.
LaTeX Font Info:    Checking defaults for U/cmr/m/n on input line 36.
LaTeX Font Info:    ... okay on input line 36.
LaTeX Font Info:    Checking defaults for PD1/pdf/m/n on input line 36.
LaTeX Font Info:    ... okay on input line 36.
(/usr/local/texlive/2016/texmf-dist/tex/context/base/mkii/supp-pdf.mkii
[Loading MPS to PDF converter (version 2006.09.02).]
\scratchcounter=\count108
\scratchdimen=\dimen130
\scratchbox=\box28
\nofMPsegments=\count109
\nofMParguments=\count110
\everyMPshowfont=\toks19
\MPscratchCnt=\count111
\MPscratchDim=\dimen131
\MPnumerator=\count112
\makeMPintoPDFobject=\count113
\everyMPtoPDFconversion=\toks20
) (/usr/local/texlive/2016/texmf-dist/tex/latex/oberdiek/epstopdf-base.sty
Package: epstopdf-base 2016/05/15 v2.6 Base part for package epstopdf

(/usr/local/texlive/2016/texmf-dist/tex/latex/oberdiek/grfext.sty
Package: grfext 2016/05/16 v1.2 Manage graphics extensions (HO)
)
Package grfext Info: Graphics extension search list:
(grfext)             [.png,.pdf,.jpg,.mps,.jpeg,.jbig2,.jb2,.PNG,.PDF,.JPG,.JPE
G,.JBIG2,.JB2,.eps]
(grfext)             \AppendGraphicsExtensions on input line 456.

(/usr/local/texlive/2016/texmf-dist/tex/latex/latexconfig/epstopdf-sys.cfg
File: epstopdf-sys.cfg 2010/07/13 v1.3 Configuration of (r)epstopdf for TeX Liv
e
))
\AtBeginShipoutBox=\box29

(/usr/local/texlive/2016/texmf-dist/tex/latex/graphics/color.sty
Package: color 2016/05/09 v1.1c Standard LaTeX Color (DPC)

(/usr/local/texlive/2016/texmf-dist/tex/latex/graphics-cfg/color.cfg
File: color.cfg 2016/01/02 v1.6 sample color configuration
)
Package color Info: Driver file: pdftex.def on input line 144.
)
Package hyperref Info: Link coloring ON on input line 36.

(/usr/local/texlive/2016/texmf-dist/tex/latex/hyperref/nameref.sty
Package: nameref 2012/10/27 v2.43 Cross-referencing by name of section

(/usr/local/texlive/2016/texmf-dist/tex/generic/oberdiek/gettitlestring.sty
Package: gettitlestring 2016/05/16 v1.5 Cleanup title references (HO)
)
\c@section@level=\count114
)
LaTeX Info: Redefining \ref on input line 36.
LaTeX Info: Redefining \pageref on input line 36.
LaTeX Info: Redefining \nameref on input line 36.
\@outlinefile=\write3
\openout3 = `Untitled.out'.

LaTeX Font Info:    External font `cmex10' loaded for size
(Font)              <14.4> on input line 38.
LaTeX Font Info:    External font `cmex10' loaded for size
(Font)              <7> on input line 38.

[1

{/usr/local/texlive/2016/texmf-var/fonts/map/pdftex/updmap/pdftex.map}]
\tf@toc=\write4
\openout4 = `Untitled.toc'.

\tf@lot=\write5
\openout5 = `Untitled.lot'.

\tf@lof=\write6
\openout6 = `Untitled.lof'.


[1]

LaTeX Warning: Reference `SecChange' on page 1 undefined on input line 62.


LaTeX Warning: Reference `SecMH' on page 1 undefined on input line 63.


LaTeX Warning: Reference `SecConnection' on page 1 undefined on input line 64.


LaTeX Warning: Reference `SecMD' on page 1 undefined on input line 66.


LaTeX Warning: Reference `SecTM' on page 1 undefined on input line 67.


LaTeX Warning: Reference `SecUse' on page 1 undefined on input line 70.


LaTeX Warning: Reference `SecAchange' on page 1 undefined on input line 76.


LaTeX Warning: Reference `SecUchange' on page 1 undefined on input line 77.

pdfTeX warning (ext4): destination with the same identifier (name{page.1}) has 
been already used, duplicate ignored
<to be read again> 
                   \relax 
l.94 \begin{description}
                         [1]
Overfull \hbox (2.28352pt too wide) in paragraph at lines 95--97
[]\OT1/cmr/m/n/12 Input/Output de-vices (In-put: Mouse and/or Key-board, Out-pu
t: File and/or Screen). 
 []


LaTeX Warning: Reference `TblMH' on page 2 undefined on input line 108.


LaTeX Warning: Reference `TblRT' on page 2 undefined on input line 143.

[2]

Package natbib Warning: Citation `ParnasEtAl1984' on page 3 undefined on input 
line 151.


LaTeX Warning: Reference `mHH' on page 3 undefined on input line 164.

[3]

LaTeX Warning: Reference `mInput' on page 4 undefined on input line 183.


LaTeX Warning: Reference `mHH' on page 4 undefined on input line 227.


LaTeX Warning: Reference `mInput' on page 4 undefined on input line 227.


LaTeX Warning: Reference `mParams' on page 4 undefined on input line 227.


LaTeX Warning: Reference `mControl' on page 4 undefined on input line 227.


LaTeX Warning: Reference `mInput' on page 4 undefined on input line 228.


LaTeX Warning: Reference `mParams' on page 4 undefined on input line 228.


LaTeX Warning: Reference `mVerify' on page 4 undefined on input line 229.


LaTeX Warning: Reference `mOutput' on page 4 undefined on input line 230.


LaTeX Warning: Reference `mControl' on page 4 undefined on input line 230.


LaTeX Warning: Reference `mOutput' on page 4 undefined on input line 231.


LaTeX Warning: Reference `mODEs' on page 4 undefined on input line 231.


LaTeX Warning: Reference `mControl' on page 4 undefined on input line 231.


LaTeX Warning: Reference `mSeqDS' on page 4 undefined on input line 231.


LaTeX Warning: Reference `mSolver' on page 4 undefined on input line 231.


LaTeX Warning: Reference `mPlot' on page 4 undefined on input line 231.


LaTeX Warning: Reference `mOutput' on page 4 undefined on input line 232.


LaTeX Warning: Reference `mODEs' on page 4 undefined on input line 232.


LaTeX Warning: Reference `mControl' on page 4 undefined on input line 232.


LaTeX Warning: Reference `mSeqDS' on page 4 undefined on input line 232.


LaTeX Warning: Reference `mSolver' on page 4 undefined on input line 232.


LaTeX Warning: Reference `mPlot' on page 4 undefined on input line 232.


LaTeX Warning: Reference `mOutput' on page 4 undefined on input line 233.


LaTeX Warning: Reference `mEnergy' on page 4 undefined on input line 233.


LaTeX Warning: Reference `mControl' on page 4 undefined on input line 233.


LaTeX Warning: Reference `mSeqDS' on page 4 undefined on input line 233.


LaTeX Warning: Reference `mPlot' on page 4 undefined on input line 233.


LaTeX Warning: Reference `mOutput' on page 4 undefined on input line 234.


LaTeX Warning: Reference `mEnergy' on page 4 undefined on input line 234.


LaTeX Warning: Reference `mControl' on page 4 undefined on input line 234.


LaTeX Warning: Reference `mSeqDS' on page 4 undefined on input line 234.


LaTeX Warning: Reference `mPlot' on page 4 undefined on input line 234.


LaTeX Warning: Reference `mVerifyOut' on page 4 undefined on input line 235.


LaTeX Warning: Reference `mOutput' on page 4 undefined on input line 236.


LaTeX Warning: Reference `mODEs' on page 4 undefined on input line 236.


LaTeX Warning: Reference `mControl' on page 4 undefined on input line 236.


LaTeX Warning: Reference `mOutput' on page 4 undefined on input line 237.


LaTeX Warning: Reference `mODEs' on page 4 undefined on input line 237.


LaTeX Warning: Reference `mEnergy' on page 4 undefined on input line 237.


LaTeX Warning: Reference `mControl' on page 4 undefined on input line 237.


LaTeX Warning: Reference `acHardware' on page 4 undefined on input line 249.


LaTeX Warning: Reference `mHH' on page 4 undefined on input line 249.


LaTeX Warning: Reference `acInput' on page 4 undefined on input line 250.


LaTeX Warning: Reference `mInput' on page 4 undefined on input line 250.


LaTeX Warning: Reference `acParams' on page 4 undefined on input line 251.


LaTeX Warning: Reference `mParams' on page 4 undefined on input line 251.


LaTeX Warning: Reference `acVerify' on page 4 undefined on input line 252.


LaTeX Warning: Reference `mVerify' on page 4 undefined on input line 252.


LaTeX Warning: Reference `acOutput' on page 4 undefined on input line 253.


LaTeX Warning: Reference `mOutput' on page 4 undefined on input line 253.


LaTeX Warning: Reference `acVerifyOut' on page 4 undefined on input line 254.


LaTeX Warning: Reference `mVerifyOut' on page 4 undefined on input line 254.


LaTeX Warning: Reference `acODEs' on page 4 undefined on input line 255.


LaTeX Warning: Reference `mODEs' on page 4 undefined on input line 255.


LaTeX Warning: Reference `acEnergy' on page 4 undefined on input line 256.


LaTeX Warning: Reference `mEnergy' on page 4 undefined on input line 256.


LaTeX Warning: Reference `acControl' on page 4 undefined on input line 257.


LaTeX Warning: Reference `mControl' on page 4 undefined on input line 257.


LaTeX Warning: Reference `acSeqDS' on page 4 undefined on input line 258.


LaTeX Warning: Reference `mSeqDS' on page 4 undefined on input line 258.


LaTeX Warning: Reference `acSolver' on page 4 undefined on input line 259.


LaTeX Warning: Reference `mSolver' on page 4 undefined on input line 259.


LaTeX Warning: Reference `acPlot' on page 4 undefined on input line 260.


LaTeX Warning: Reference `mPlot' on page 4 undefined on input line 260.

[4]

Package natbib Warning: Citation `Parnas1978' on page 5 undefined on input line
 270.


LaTeX Warning: Reference `FigUH' on page 5 undefined on input line 274.

[5]
No file Untitled.bbl.

Package natbib Warning: There were undefined citations.

Package atveryend Info: Empty hook `BeforeClearDocument' on input line 289.
[6]
Package atveryend Info: Empty hook `AfterLastShipout' on input line 289.
 (./Untitled.aux)
Package atveryend Info: Executing hook `AtVeryEndDocument' on input line 289.
Package atveryend Info: Executing hook `AtEndAfterFileList' on input line 289.


Package rerunfilecheck Warning: File `Untitled.out' has changed.
(rerunfilecheck)                Rerun to get outlines right
(rerunfilecheck)                or use package `bookmark'.

Package rerunfilecheck Info: Checksums for `Untitled.out':
(rerunfilecheck)             Before: <no file>
(rerunfilecheck)             After:  FFB6936F8B27906DB997A82426A6A342;1179.

LaTeX Warning: There were undefined references.


LaTeX Warning: Label(s) may have changed. Rerun to get cross-references right.

Package atveryend Info: Empty hook `AtVeryVeryEnd' on input line 289.
 ) 
Here is how much of TeX's memory you used:
 5763 strings out of 493014
 84402 string characters out of 6133351
 177997 words of memory out of 5000000
 9218 multiletter control sequences out of 15000+600000
 9155 words of font info for 32 fonts, out of 8000000 for 9000
 1141 hyphenation exceptions out of 8191
 29i,12n,28p,627b,381s stack positions out of 5000i,500n,10000p,200000b,80000s
</usr/local/texlive/2016/texmf-dist/fonts/type1/public/amsfonts/cm/cmbx12.pfb
></usr/local/texlive/2016/texmf-dist/fonts/type1/public/amsfonts/cm/cmr12.pfb><
/usr/local/texlive/2016/texmf-dist/fonts/type1/public/amsfonts/cm/cmr17.pfb></u
sr/local/texlive/2016/texmf-dist/fonts/type1/public/amsfonts/cm/cmti12.pfb>
Output written on Untitled.pdf (8 pages, 73403 bytes).
PDF statistics:
 106 PDF objects out of 1000 (max. 8388607)
 91 compressed objects within 1 object stream
 46 named destinations out of 1000 (max. 500000)
 1 words of extra memory for PDF output out of 10000 (max. 10000000)

