\BOOKMARK [1][-]{section.1}{Project Drivers}{}% 1
\BOOKMARK [2][-]{subsection.1.1}{The Purpose of the Project}{section.1}% 2
\BOOKMARK [2][-]{subsection.1.2}{The Stakeholders}{section.1}% 3
\BOOKMARK [3][-]{subsubsection.1.2.1}{The Client}{subsection.1.2}% 4
\BOOKMARK [3][-]{subsubsection.1.2.2}{The Customers}{subsection.1.2}% 5
\BOOKMARK [2][-]{subsection.1.3}{Mandated Constraints}{section.1}% 6
\BOOKMARK [3][-]{subsubsection.1.3.1}{Solution Constraints}{subsection.1.3}% 7
\BOOKMARK [3][-]{subsubsection.1.3.2}{Partner or Collaborative Applications}{subsection.1.3}% 8
\BOOKMARK [3][-]{subsubsection.1.3.3}{Off the shelf}{subsection.1.3}% 9
\BOOKMARK [3][-]{subsubsection.1.3.4}{Anticipated Workplace Environment}{subsection.1.3}% 10
\BOOKMARK [3][-]{subsubsection.1.3.5}{Schedule Constraints}{subsection.1.3}% 11
\BOOKMARK [3][-]{subsubsection.1.3.6}{Budget Constraints}{subsection.1.3}% 12
\BOOKMARK [3][-]{subsubsection.1.3.7}{Enterprise Constraints}{subsection.1.3}% 13
\BOOKMARK [2][-]{subsection.1.4}{Naming Conventions and Terminology}{section.1}% 14
\BOOKMARK [2][-]{subsection.1.5}{Assumptions}{section.1}% 15
\BOOKMARK [3][-]{subsubsection.1.5.1}{Business Rules}{subsection.1.5}% 16
\BOOKMARK [3][-]{subsubsection.1.5.2}{Assumptions}{subsection.1.5}% 17
\BOOKMARK [1][-]{section.2}{Functional Requirements}{}% 18
\BOOKMARK [2][-]{subsection.2.1}{The Scope of the Work and the Product}{section.2}% 19
\BOOKMARK [3][-]{subsubsection.2.1.1}{The Context of the Work}{subsection.2.1}% 20
\BOOKMARK [3][-]{subsubsection.2.1.2}{Individual Product Use Cases}{subsection.2.1}% 21
\BOOKMARK [2][-]{subsection.2.2}{Functional Requirements}{section.2}% 22
\BOOKMARK [1][-]{section.3}{Non-functional Requirements}{}% 23
\BOOKMARK [2][-]{subsection.3.1}{Look and Feel Requirements}{section.3}% 24
\BOOKMARK [2][-]{subsection.3.2}{Usability and Humanity Requirements}{section.3}% 25
\BOOKMARK [2][-]{subsection.3.3}{Performance Requirements}{section.3}% 26
\BOOKMARK [2][-]{subsection.3.4}{Operational and Environmental Requirements}{section.3}% 27
\BOOKMARK [2][-]{subsection.3.5}{Maintainability and Support Requirements}{section.3}% 28
\BOOKMARK [2][-]{subsection.3.6}{Security Requirements}{section.3}% 29
\BOOKMARK [2][-]{subsection.3.7}{Cultural Requirements}{section.3}% 30
\BOOKMARK [2][-]{subsection.3.8}{Legal Requirements}{section.3}% 31
\BOOKMARK [2][-]{subsection.3.9}{Health and Safety Requirements}{section.3}% 32
\BOOKMARK [1][-]{section.4}{Project Issues}{}% 33
\BOOKMARK [2][-]{subsection.4.1}{Open Issues}{section.4}% 34
\BOOKMARK [2][-]{subsection.4.2}{Off-the-Shelf Solutions}{section.4}% 35
\BOOKMARK [2][-]{subsection.4.3}{New Problems}{section.4}% 36
\BOOKMARK [2][-]{subsection.4.4}{Tasks}{section.4}% 37
\BOOKMARK [2][-]{subsection.4.5}{Migration to the New Product}{section.4}% 38
\BOOKMARK [2][-]{subsection.4.6}{Risks}{section.4}% 39
\BOOKMARK [2][-]{subsection.4.7}{Costs}{section.4}% 40
\BOOKMARK [2][-]{subsection.4.8}{User Documentation and Training}{section.4}% 41
\BOOKMARK [1][-]{section.5}{Appendix}{}% 42
